<?xml version="1.0" encoding="UTF-8"?>
<testng-results ignored="0" total="2" passed="2" failed="0" skipped="0">
  <reporter-output>
  </reporter-output>
  <suite started-at="2020-10-16T17:06:03Z" name="Default suite" finished-at="2020-10-16T17:06:06Z" duration-ms="2599">
    <groups>
    </groups>
    <test started-at="2020-10-16T17:06:03Z" name="Default test" finished-at="2020-10-16T17:06:06Z" duration-ms="2599">
      <class name="DemoTest">
        <test-method signature="testGet()[pri:0, instance:DemoTest@4d0f2471]" started-at="2020-10-16T17:06:04Z" name="testGet" finished-at="2020-10-16T17:06:05Z" duration-ms="1680" status="PASS">
          <reporter-output>
          </reporter-output>
        </test-method> <!-- testGet -->
        <test-method signature="testGetProduct()[pri:0, instance:DemoTest@4d0f2471]" started-at="2020-10-16T17:06:05Z" name="testGetProduct" finished-at="2020-10-16T17:06:06Z" duration-ms="893" status="PASS">
          <reporter-output>
          </reporter-output>
        </test-method> <!-- testGetProduct -->
      </class> <!-- DemoTest -->
    </test> <!-- Default test -->
  </suite> <!-- Default suite -->
</testng-results>
